<?xml version="1.0" encoding="UTF-8"?>
<testng-results skipped="0" failed="0" ignored="0" total="2" passed="2">
  <reporter-output>
  </reporter-output>
  <suite name="Default suite" duration-ms="35373" started-at="2021-05-02T02:57:15Z" finished-at="2021-05-02T02:57:50Z">
    <groups>
    </groups>
    <test name="Default test" duration-ms="35373" started-at="2021-05-02T02:57:15Z" finished-at="2021-05-02T02:57:50Z">
      <class name="com.ces.tests.LoginTests">
        <test-method status="PASS" signature="setup()[pri:0, instance:com.ces.tests.LoginTests@212bf671]" name="setup" is-config="true" duration-ms="13802" started-at="2021-05-02T02:57:15Z" finished-at="2021-05-02T02:57:29Z">
          <reporter-output>
          </reporter-output>
        </test-method> <!-- setup -->
        <test-method status="PASS" signature="successful_login_test()[pri:0, instance:com.ces.tests.LoginTests@212bf671]" name="successful_login_test" duration-ms="7337" started-at="2021-05-02T02:57:29Z" finished-at="2021-05-02T02:57:36Z">
          <reporter-output>
          </reporter-output>
        </test-method> <!-- successful_login_test -->
        <test-method status="PASS" signature="tearDown()[pri:0, instance:com.ces.tests.LoginTests@212bf671]" name="tearDown" is-config="true" duration-ms="2202" started-at="2021-05-02T02:57:36Z" finished-at="2021-05-02T02:57:38Z">
          <reporter-output>
          </reporter-output>
        </test-method> <!-- tearDown -->
        <test-method status="PASS" signature="setup()[pri:0, instance:com.ces.tests.LoginTests@212bf671]" name="setup" is-config="true" duration-ms="2692" started-at="2021-05-02T02:57:38Z" finished-at="2021-05-02T02:57:41Z">
          <reporter-output>
          </reporter-output>
        </test-method> <!-- setup -->
        <test-method status="PASS" signature="unsuccessful_login()[pri:0, instance:com.ces.tests.LoginTests@212bf671]" name="unsuccessful_login" duration-ms="6810" started-at="2021-05-02T02:57:41Z" finished-at="2021-05-02T02:57:48Z">
          <reporter-output>
          </reporter-output>
        </test-method> <!-- unsuccessful_login -->
        <test-method status="PASS" signature="tearDown()[pri:0, instance:com.ces.tests.LoginTests@212bf671]" name="tearDown" is-config="true" duration-ms="2440" started-at="2021-05-02T02:57:48Z" finished-at="2021-05-02T02:57:50Z">
          <reporter-output>
          </reporter-output>
        </test-method> <!-- tearDown -->
      </class> <!-- com.ces.tests.LoginTests -->
    </test> <!-- Default test -->
  </suite> <!-- Default suite -->
</testng-results>
